0 info it worked if it ends with ok
1 verbose cli [ '/Users/maying/.nvm/versions/node/v7.7.4/bin/node',
1 verbose cli   '/Users/maying/.nvm/versions/node/v7.7.4/bin/npm',
1 verbose cli   'install',
1 verbose cli   '-d' ]
2 info using npm@4.1.2
3 info using node@v7.7.4
4 silly loadCurrentTree Starting
5 silly install loadCurrentTree
6 silly install readLocalPackageData
7 silly install normalizeTree
8 silly loadCurrentTree Finishing
9 silly loadIdealTree Starting
10 silly install loadIdealTree
11 silly cloneCurrentTree Starting
12 silly install cloneCurrentTreeToIdealTree
13 silly cloneCurrentTree Finishing
14 silly loadShrinkwrap Starting
15 silly install loadShrinkwrap
16 silly loadShrinkwrap Finishing
17 silly loadAllDepsIntoIdealTree Starting
18 silly install loadAllDepsIntoIdealTree
19 silly fetchNamedPackageData browserify
20 silly mapToRegistry name browserify
21 silly mapToRegistry using default registry
22 silly mapToRegistry registry https://registry.npmjs.org/
23 silly mapToRegistry data Result {
23 silly mapToRegistry   raw: 'browserify',
23 silly mapToRegistry   scope: null,
23 silly mapToRegistry   escapedName: 'browserify',
23 silly mapToRegistry   name: 'browserify',
23 silly mapToRegistry   rawSpec: '',
23 silly mapToRegistry   spec: 'latest',
23 silly mapToRegistry   type: 'tag' }
24 silly mapToRegistry uri https://registry.npmjs.org/browserify
25 silly fetchNamedPackageData uglifyjs
26 silly mapToRegistry name uglifyjs
27 silly mapToRegistry using default registry
28 silly mapToRegistry registry https://registry.npmjs.org/
29 silly mapToRegistry data Result {
29 silly mapToRegistry   raw: 'uglifyjs',
29 silly mapToRegistry   scope: null,
29 silly mapToRegistry   escapedName: 'uglifyjs',
29 silly mapToRegistry   name: 'uglifyjs',
29 silly mapToRegistry   rawSpec: '',
29 silly mapToRegistry   spec: 'latest',
29 silly mapToRegistry   type: 'tag' }
30 silly mapToRegistry uri https://registry.npmjs.org/uglifyjs
31 verbose request uri https://registry.npmjs.org/browserify
32 verbose request no auth needed
33 info attempt registry request try #1 at 15:33:54
34 verbose request id 28c9c247e08ac143
35 verbose etag W/"5986b104-daada"
36 verbose lastModified Sun, 06 Aug 2017 06:02:44 GMT
37 http request GET https://registry.npmjs.org/browserify
38 verbose request uri https://registry.npmjs.org/uglifyjs
39 verbose request no auth needed
40 info attempt registry request try #1 at 15:33:54
41 verbose etag W/"59686982-e89"
42 verbose lastModified Fri, 14 Jul 2017 06:49:38 GMT
43 http request GET https://registry.npmjs.org/uglifyjs
44 http 304 https://registry.npmjs.org/browserify
45 verbose headers { date: 'Fri, 11 Aug 2017 07:33:57 GMT',
45 verbose headers   via: '1.1 varnish',
45 verbose headers   'cache-control': 'max-age=300',
45 verbose headers   etag: 'W/"5986b104-daada"',
45 verbose headers   age: '255',
45 verbose headers   connection: 'keep-alive',
45 verbose headers   'x-served-by': 'cache-nrt6121-NRT',
45 verbose headers   'x-cache': 'HIT',
45 verbose headers   'x-cache-hits': '3',
45 verbose headers   'x-timer': 'S1502436837.336764,VS0,VE0',
45 verbose headers   vary: 'Accept-Encoding, Accept' }
46 silly get cb [ 304,
46 silly get   { date: 'Fri, 11 Aug 2017 07:33:57 GMT',
46 silly get     via: '1.1 varnish',
46 silly get     'cache-control': 'max-age=300',
46 silly get     etag: 'W/"5986b104-daada"',
46 silly get     age: '255',
46 silly get     connection: 'keep-alive',
46 silly get     'x-served-by': 'cache-nrt6121-NRT',
46 silly get     'x-cache': 'HIT',
46 silly get     'x-cache-hits': '3',
46 silly get     'x-timer': 'S1502436837.336764,VS0,VE0',
46 silly get     vary: 'Accept-Encoding, Accept' } ]
47 verbose etag https://registry.npmjs.org/browserify from cache
48 verbose get saving browserify to /Users/maying/.npm/registry.npmjs.org/browserify/.cache.json
49 verbose correctMkdir /Users/maying/.npm correctMkdir not in flight; initializing
50 silly pickManifestFromRegistryMetadata spec >=2.35.2 <2.36.0 tag latest versions [ '0.0.1',
50 silly pickManifestFromRegistryMetadata   '0.0.2',
50 silly pickManifestFromRegistryMetadata   '0.0.3',
50 silly pickManifestFromRegistryMetadata   '0.0.4',
50 silly pickManifestFromRegistryMetadata   '0.0.5',
50 silly pickManifestFromRegistryMetadata   '0.1.0',
50 silly pickManifestFromRegistryMetadata   '0.1.1',
50 silly pickManifestFromRegistryMetadata   '0.1.2',
50 silly pickManifestFromRegistryMetadata   '0.1.3',
50 silly pickManifestFromRegistryMetadata   '0.1.4',
50 silly pickManifestFromRegistryMetadata   '0.1.5',
50 silly pickManifestFromRegistryMetadata   '0.2.0',
50 silly pickManifestFromRegistryMetadata   '0.2.1',
50 silly pickManifestFromRegistryMetadata   '0.2.2',
50 silly pickManifestFromRegistryMetadata   '0.2.3',
50 silly pickManifestFromRegistryMetadata   '0.2.4',
50 silly pickManifestFromRegistryMetadata   '0.2.5',
50 silly pickManifestFromRegistryMetadata   '0.2.6',
50 silly pickManifestFromRegistryMetadata   '0.2.7',
50 silly pickManifestFromRegistryMetadata   '0.2.8',
50 silly pickManifestFromRegistryMetadata   '0.2.9',
50 silly pickManifestFromRegistryMetadata   '0.2.10',
50 silly pickManifestFromRegistryMetadata   '0.2.11',
50 silly pickManifestFromRegistryMetadata   '0.3.0',
50 silly pickManifestFromRegistryMetadata   '0.3.1',
50 silly pickManifestFromRegistryMetadata   '0.3.2',
50 silly pickManifestFromRegistryMetadata   '0.3.3',
50 silly pickManifestFromRegistryMetadata   '0.3.4',
50 silly pickManifestFromRegistryMetadata   '0.3.5',
50 silly pickManifestFromRegistryMetadata   '0.3.6',
50 silly pickManifestFromRegistryMetadata   '0.3.7',
50 silly pickManifestFromRegistryMetadata   '0.4.0',
50 silly pickManifestFromRegistryMetadata   '0.4.1',
50 silly pickManifestFromRegistryMetadata   '0.4.2',
50 silly pickManifestFromRegistryMetadata   '0.4.3',
50 silly pickManifestFromRegistryMetadata   '0.4.4',
50 silly pickManifestFromRegistryMetadata   '0.4.5',
50 silly pickManifestFromRegistryMetadata   '0.4.6',
50 silly pickManifestFromRegistryMetadata   '0.4.7',
50 silly pickManifestFromRegistryMetadata   '0.4.8',
50 silly pickManifestFromRegistryMetadata   '0.4.9',
50 silly pickManifestFromRegistryMetadata   '0.4.10',
50 silly pickManifestFromRegistryMetadata   '0.4.11',
50 silly pickManifestFromRegistryMetadata   '0.4.12',
50 silly pickManifestFromRegistryMetadata   '0.4.13',
50 silly pickManifestFromRegistryMetadata   '0.4.14',
50 silly pickManifestFromRegistryMetadata   '0.4.15',
50 silly pickManifestFromRegistryMetadata   '0.5.0',
50 silly pickManifestFromRegistryMetadata   '0.5.1',
50 silly pickManifestFromRegistryMetadata   '0.5.2',
50 silly pickManifestFromRegistryMetadata   '1.0.0',
50 silly pickManifestFromRegistryMetadata   '1.1.0',
50 silly pickManifestFromRegistryMetadata   '1.1.1',
50 silly pickManifestFromRegistryMetadata   '1.1.2',
50 silly pickManifestFromRegistryMetadata   '1.1.3',
50 silly pickManifestFromRegistryMetadata   '1.1.4',
50 silly pickManifestFromRegistryMetadata   '1.2.0',
50 silly pickManifestFromRegistryMetadata   '1.2.1',
50 silly pickManifestFromRegistryMetadata   '1.2.2',
50 silly pickManifestFromRegistryMetadata   '1.2.3',
50 silly pickManifestFromRegistryMetadata   '1.2.4',
50 silly pickManifestFromRegistryMetadata   '1.2.5',
50 silly pickManifestFromRegistryMetadata   '1.2.6',
50 silly pickManifestFromRegistryMetadata   '1.2.7',
50 silly pickManifestFromRegistryMetadata   '1.2.8',
50 silly pickManifestFromRegistryMetadata   '1.2.9',
50 silly pickManifestFromRegistryMetadata   '1.3.0',
50 silly pickManifestFromRegistryMetadata   '1.4.0',
50 silly pickManifestFromRegistryMetadata   '1.4.1',
50 silly pickManifestFromRegistryMetadata   '1.4.2',
50 silly pickManifestFromRegistryMetadata   '1.4.3',
50 silly pickManifestFromRegistryMetadata   '1.4.4',
50 silly pickManifestFromRegistryMetadata   '1.4.5',
50 silly pickManifestFromRegistryMetadata   '1.4.6',
50 silly pickManifestFromRegistryMetadata   '1.4.7',
50 silly pickManifestFromRegistryMetadata   '1.4.8',
50 silly pickManifestFromRegistryMetadata   '1.5.0',
50 silly pickManifestFromRegistryMetadata   '1.6.0',
50 silly pickManifestFromRegistryMetadata   '1.6.1',
50 silly pickManifestFromRegistryMetadata   '1.7.0',
50 silly pickManifestFromRegistryMetadata   '1.7.1',
50 silly pickManifestFromRegistryMetadata   '1.7.2',
50 silly pickManifestFromRegistryMetadata   '1.7.3',
50 silly pickManifestFromRegistryMetadata   '1.7.4',
50 silly pickManifestFromRegistryMetadata   '1.7.5',
50 silly pickManifestFromRegistryMetadata   '1.7.6',
50 silly pickManifestFromRegistryMetadata   '1.7.7',
50 silly pickManifestFromRegistryMetadata   '1.8.0',
50 silly pickManifestFromRegistryMetadata   '1.8.1',
50 silly pickManifestFromRegistryMetadata   '1.8.2',
50 silly pickManifestFromRegistryMetadata   '1.8.3',
50 silly pickManifestFromRegistryMetadata   '1.9.0',
50 silly pickManifestFromRegistryMetadata   '1.9.1',
50 silly pickManifestFromRegistryMetadata   '1.9.2',
50 silly pickManifestFromRegistryMetadata   '1.9.3',
50 silly pickManifestFromRegistryMetadata   '1.9.4',
50 silly pickManifestFromRegistryMetadata   '1.10.0',
50 silly pickManifestFromRegistryMetadata   '1.10.1',
50 silly pickManifestFromRegistryMetadata   '1.10.2',
50 silly pickManifestFromRegistryMetadata   '1.10.3',
50 silly pickManifestFromRegistryMetadata   ... 367 more items ]
51 silly resolveWithNewModule browserify@2.35.4 checking installable status
52 silly cache add args [ 'browserify@~2.35.2', null ]
53 verbose cache add spec browserify@~2.35.2
54 silly cache add parsed spec Result {
54 silly cache add   raw: 'browserify@~2.35.2',
54 silly cache add   scope: null,
54 silly cache add   escapedName: 'browserify',
54 silly cache add   name: 'browserify',
54 silly cache add   rawSpec: '~2.35.2',
54 silly cache add   spec: '>=2.35.2 <2.36.0',
54 silly cache add   type: 'range' }
55 silly addNamed browserify@>=2.35.2 <2.36.0
56 verbose addNamed ">=2.35.2 <2.36.0" is a valid semver range for browserify
57 silly addNameRange { name: 'browserify', range: '>=2.35.2 <2.36.0', hasData: false }
58 silly mapToRegistry name browserify
59 silly mapToRegistry using default registry
60 silly mapToRegistry registry https://registry.npmjs.org/
61 silly mapToRegistry data Result {
61 silly mapToRegistry   raw: 'browserify',
61 silly mapToRegistry   scope: null,
61 silly mapToRegistry   escapedName: 'browserify',
61 silly mapToRegistry   name: 'browserify',
61 silly mapToRegistry   rawSpec: '',
61 silly mapToRegistry   spec: 'latest',
61 silly mapToRegistry   type: 'tag' }
62 silly mapToRegistry uri https://registry.npmjs.org/browserify
63 verbose addNameRange registry:https://registry.npmjs.org/browserify not in flight; fetching
64 verbose get https://registry.npmjs.org/browserify not expired, no request
65 silly addNameRange number 2 { name: 'browserify', range: '>=2.35.2 <2.36.0', hasData: true }
66 silly addNameRange versions [ 'browserify',
66 silly addNameRange   [ '0.0.1',
66 silly addNameRange     '0.0.2',
66 silly addNameRange     '0.0.3',
66 silly addNameRange     '0.0.4',
66 silly addNameRange     '0.0.5',
66 silly addNameRange     '0.1.0',
66 silly addNameRange     '0.1.1',
66 silly addNameRange     '0.1.2',
66 silly addNameRange     '0.1.3',
66 silly addNameRange     '0.1.4',
66 silly addNameRange     '0.1.5',
66 silly addNameRange     '0.2.0',
66 silly addNameRange     '0.2.1',
66 silly addNameRange     '0.2.2',
66 silly addNameRange     '0.2.3',
66 silly addNameRange     '0.2.4',
66 silly addNameRange     '0.2.5',
66 silly addNameRange     '0.2.6',
66 silly addNameRange     '0.2.7',
66 silly addNameRange     '0.2.8',
66 silly addNameRange     '0.2.9',
66 silly addNameRange     '0.2.10',
66 silly addNameRange     '0.2.11',
66 silly addNameRange     '0.3.0',
66 silly addNameRange     '0.3.1',
66 silly addNameRange     '0.3.2',
66 silly addNameRange     '0.3.3',
66 silly addNameRange     '0.3.4',
66 silly addNameRange     '0.3.5',
66 silly addNameRange     '0.3.6',
66 silly addNameRange     '0.3.7',
66 silly addNameRange     '0.4.0',
66 silly addNameRange     '0.4.1',
66 silly addNameRange     '0.4.2',
66 silly addNameRange     '0.4.3',
66 silly addNameRange     '0.4.4',
66 silly addNameRange     '0.4.5',
66 silly addNameRange     '0.4.6',
66 silly addNameRange     '0.4.7',
66 silly addNameRange     '0.4.8',
66 silly addNameRange     '0.4.9',
66 silly addNameRange     '0.4.10',
66 silly addNameRange     '0.4.11',
66 silly addNameRange     '0.4.12',
66 silly addNameRange     '0.4.13',
66 silly addNameRange     '0.4.14',
66 silly addNameRange     '0.4.15',
66 silly addNameRange     '0.5.0',
66 silly addNameRange     '0.5.1',
66 silly addNameRange     '0.5.2',
66 silly addNameRange     '1.0.0',
66 silly addNameRange     '1.1.0',
66 silly addNameRange     '1.1.1',
66 silly addNameRange     '1.1.2',
66 silly addNameRange     '1.1.3',
66 silly addNameRange     '1.1.4',
66 silly addNameRange     '1.2.0',
66 silly addNameRange     '1.2.1',
66 silly addNameRange     '1.2.2',
66 silly addNameRange     '1.2.3',
66 silly addNameRange     '1.2.4',
66 silly addNameRange     '1.2.5',
66 silly addNameRange     '1.2.6',
66 silly addNameRange     '1.2.7',
66 silly addNameRange     '1.2.8',
66 silly addNameRange     '1.2.9',
66 silly addNameRange     '1.3.0',
66 silly addNameRange     '1.4.0',
66 silly addNameRange     '1.4.1',
66 silly addNameRange     '1.4.2',
66 silly addNameRange     '1.4.3',
66 silly addNameRange     '1.4.4',
66 silly addNameRange     '1.4.5',
66 silly addNameRange     '1.4.6',
66 silly addNameRange     '1.4.7',
66 silly addNameRange     '1.4.8',
66 silly addNameRange     '1.5.0',
66 silly addNameRange     '1.6.0',
66 silly addNameRange     '1.6.1',
66 silly addNameRange     '1.7.0',
66 silly addNameRange     '1.7.1',
66 silly addNameRange     '1.7.2',
66 silly addNameRange     '1.7.3',
66 silly addNameRange     '1.7.4',
66 silly addNameRange     '1.7.5',
66 silly addNameRange     '1.7.6',
66 silly addNameRange     '1.7.7',
66 silly addNameRange     '1.8.0',
66 silly addNameRange     '1.8.1',
66 silly addNameRange     '1.8.2',
66 silly addNameRange     '1.8.3',
66 silly addNameRange     '1.9.0',
66 silly addNameRange     '1.9.1',
66 silly addNameRange     '1.9.2',
66 silly addNameRange     '1.9.3',
66 silly addNameRange     '1.9.4',
66 silly addNameRange     '1.10.0',
66 silly addNameRange     '1.10.1',
66 silly addNameRange     '1.10.2',
66 silly addNameRange     '1.10.3',
66 silly addNameRange     ... 367 more items ] ]
67 silly pickManifestFromRegistryMetadata spec >=2.35.2 <2.36.0 tag latest versions [ '0.0.1',
67 silly pickManifestFromRegistryMetadata   '0.0.2',
67 silly pickManifestFromRegistryMetadata   '0.0.3',
67 silly pickManifestFromRegistryMetadata   '0.0.4',
67 silly pickManifestFromRegistryMetadata   '0.0.5',
67 silly pickManifestFromRegistryMetadata   '0.1.0',
67 silly pickManifestFromRegistryMetadata   '0.1.1',
67 silly pickManifestFromRegistryMetadata   '0.1.2',
67 silly pickManifestFromRegistryMetadata   '0.1.3',
67 silly pickManifestFromRegistryMetadata   '0.1.4',
67 silly pickManifestFromRegistryMetadata   '0.1.5',
67 silly pickManifestFromRegistryMetadata   '0.2.0',
67 silly pickManifestFromRegistryMetadata   '0.2.1',
67 silly pickManifestFromRegistryMetadata   '0.2.2',
67 silly pickManifestFromRegistryMetadata   '0.2.3',
67 silly pickManifestFromRegistryMetadata   '0.2.4',
67 silly pickManifestFromRegistryMetadata   '0.2.5',
67 silly pickManifestFromRegistryMetadata   '0.2.6',
67 silly pickManifestFromRegistryMetadata   '0.2.7',
67 silly pickManifestFromRegistryMetadata   '0.2.8',
67 silly pickManifestFromRegistryMetadata   '0.2.9',
67 silly pickManifestFromRegistryMetadata   '0.2.10',
67 silly pickManifestFromRegistryMetadata   '0.2.11',
67 silly pickManifestFromRegistryMetadata   '0.3.0',
67 silly pickManifestFromRegistryMetadata   '0.3.1',
67 silly pickManifestFromRegistryMetadata   '0.3.2',
67 silly pickManifestFromRegistryMetadata   '0.3.3',
67 silly pickManifestFromRegistryMetadata   '0.3.4',
67 silly pickManifestFromRegistryMetadata   '0.3.5',
67 silly pickManifestFromRegistryMetadata   '0.3.6',
67 silly pickManifestFromRegistryMetadata   '0.3.7',
67 silly pickManifestFromRegistryMetadata   '0.4.0',
67 silly pickManifestFromRegistryMetadata   '0.4.1',
67 silly pickManifestFromRegistryMetadata   '0.4.2',
67 silly pickManifestFromRegistryMetadata   '0.4.3',
67 silly pickManifestFromRegistryMetadata   '0.4.4',
67 silly pickManifestFromRegistryMetadata   '0.4.5',
67 silly pickManifestFromRegistryMetadata   '0.4.6',
67 silly pickManifestFromRegistryMetadata   '0.4.7',
67 silly pickManifestFromRegistryMetadata   '0.4.8',
67 silly pickManifestFromRegistryMetadata   '0.4.9',
67 silly pickManifestFromRegistryMetadata   '0.4.10',
67 silly pickManifestFromRegistryMetadata   '0.4.11',
67 silly pickManifestFromRegistryMetadata   '0.4.12',
67 silly pickManifestFromRegistryMetadata   '0.4.13',
67 silly pickManifestFromRegistryMetadata   '0.4.14',
67 silly pickManifestFromRegistryMetadata   '0.4.15',
67 silly pickManifestFromRegistryMetadata   '0.5.0',
67 silly pickManifestFromRegistryMetadata   '0.5.1',
67 silly pickManifestFromRegistryMetadata   '0.5.2',
67 silly pickManifestFromRegistryMetadata   '1.0.0',
67 silly pickManifestFromRegistryMetadata   '1.1.0',
67 silly pickManifestFromRegistryMetadata   '1.1.1',
67 silly pickManifestFromRegistryMetadata   '1.1.2',
67 silly pickManifestFromRegistryMetadata   '1.1.3',
67 silly pickManifestFromRegistryMetadata   '1.1.4',
67 silly pickManifestFromRegistryMetadata   '1.2.0',
67 silly pickManifestFromRegistryMetadata   '1.2.1',
67 silly pickManifestFromRegistryMetadata   '1.2.2',
67 silly pickManifestFromRegistryMetadata   '1.2.3',
67 silly pickManifestFromRegistryMetadata   '1.2.4',
67 silly pickManifestFromRegistryMetadata   '1.2.5',
67 silly pickManifestFromRegistryMetadata   '1.2.6',
67 silly pickManifestFromRegistryMetadata   '1.2.7',
67 silly pickManifestFromRegistryMetadata   '1.2.8',
67 silly pickManifestFromRegistryMetadata   '1.2.9',
67 silly pickManifestFromRegistryMetadata   '1.3.0',
67 silly pickManifestFromRegistryMetadata   '1.4.0',
67 silly pickManifestFromRegistryMetadata   '1.4.1',
67 silly pickManifestFromRegistryMetadata   '1.4.2',
67 silly pickManifestFromRegistryMetadata   '1.4.3',
67 silly pickManifestFromRegistryMetadata   '1.4.4',
67 silly pickManifestFromRegistryMetadata   '1.4.5',
67 silly pickManifestFromRegistryMetadata   '1.4.6',
67 silly pickManifestFromRegistryMetadata   '1.4.7',
67 silly pickManifestFromRegistryMetadata   '1.4.8',
67 silly pickManifestFromRegistryMetadata   '1.5.0',
67 silly pickManifestFromRegistryMetadata   '1.6.0',
67 silly pickManifestFromRegistryMetadata   '1.6.1',
67 silly pickManifestFromRegistryMetadata   '1.7.0',
67 silly pickManifestFromRegistryMetadata   '1.7.1',
67 silly pickManifestFromRegistryMetadata   '1.7.2',
67 silly pickManifestFromRegistryMetadata   '1.7.3',
67 silly pickManifestFromRegistryMetadata   '1.7.4',
67 silly pickManifestFromRegistryMetadata   '1.7.5',
67 silly pickManifestFromRegistryMetadata   '1.7.6',
67 silly pickManifestFromRegistryMetadata   '1.7.7',
67 silly pickManifestFromRegistryMetadata   '1.8.0',
67 silly pickManifestFromRegistryMetadata   '1.8.1',
67 silly pickManifestFromRegistryMetadata   '1.8.2',
67 silly pickManifestFromRegistryMetadata   '1.8.3',
67 silly pickManifestFromRegistryMetadata   '1.9.0',
67 silly pickManifestFromRegistryMetadata   '1.9.1',
67 silly pickManifestFromRegistryMetadata   '1.9.2',
67 silly pickManifestFromRegistryMetadata   '1.9.3',
67 silly pickManifestFromRegistryMetadata   '1.9.4',
67 silly pickManifestFromRegistryMetadata   '1.10.0',
67 silly pickManifestFromRegistryMetadata   '1.10.1',
67 silly pickManifestFromRegistryMetadata   '1.10.2',
67 silly pickManifestFromRegistryMetadata   '1.10.3',
67 silly pickManifestFromRegistryMetadata   ... 367 more items ]
68 silly addNamed browserify@2.35.4
69 verbose addNamed "2.35.4" is a plain semver version for browserify
70 silly cache afterAdd browserify@2.35.4
71 verbose afterAdd /Users/maying/.npm/browserify/2.35.4/package/package.json not in flight; writing
72 verbose correctMkdir /Users/maying/.npm correctMkdir not in flight; initializing
73 verbose afterAdd /Users/maying/.npm/browserify/2.35.4/package/package.json written
74 http 304 https://registry.npmjs.org/uglifyjs
75 verbose headers { date: 'Fri, 11 Aug 2017 07:33:57 GMT',
75 verbose headers   via: '1.1 varnish',
75 verbose headers   'cache-control': 'max-age=300',
75 verbose headers   etag: 'W/"59686982-e89"',
75 verbose headers   age: '0',
75 verbose headers   connection: 'keep-alive',
75 verbose headers   'x-served-by': 'cache-nrt6134-NRT',
75 verbose headers   'x-cache': 'HIT',
75 verbose headers   'x-cache-hits': '1',
75 verbose headers   'x-timer': 'S1502436837.340775,VS0,VE116',
75 verbose headers   vary: 'Accept-Encoding, Accept' }
76 silly get cb [ 304,
76 silly get   { date: 'Fri, 11 Aug 2017 07:33:57 GMT',
76 silly get     via: '1.1 varnish',
76 silly get     'cache-control': 'max-age=300',
76 silly get     etag: 'W/"59686982-e89"',
76 silly get     age: '0',
76 silly get     connection: 'keep-alive',
76 silly get     'x-served-by': 'cache-nrt6134-NRT',
76 silly get     'x-cache': 'HIT',
76 silly get     'x-cache-hits': '1',
76 silly get     'x-timer': 'S1502436837.340775,VS0,VE116',
76 silly get     vary: 'Accept-Encoding, Accept' } ]
77 verbose etag https://registry.npmjs.org/uglifyjs from cache
78 verbose get saving uglifyjs to /Users/maying/.npm/registry.npmjs.org/uglifyjs/.cache.json
79 verbose correctMkdir /Users/maying/.npm correctMkdir not in flight; initializing
80 silly pickManifestFromRegistryMetadata spec >=2.3.6 <2.4.0 tag latest versions [ '2.4.10', '2.4.11', '2.4.11-node8' ]
81 silly fetchNamedPackageData No valid target from cache, forcing network
82 verbose request uri https://registry.npmjs.org/uglifyjs
83 verbose request no auth needed
84 info attempt registry request try #1 at 15:33:55
85 http request GET https://registry.npmjs.org/uglifyjs
86 http 200 https://registry.npmjs.org/uglifyjs
87 verbose headers { server: 'nginx/1.10.1',
87 verbose headers   'content-type': 'application/json',
87 verbose headers   'last-modified': 'Fri, 14 Jul 2017 06:49:38 GMT',
87 verbose headers   etag: 'W/"59686982-e89"',
87 verbose headers   'content-encoding': 'gzip',
87 verbose headers   'cache-control': 'max-age=300',
87 verbose headers   'content-length': '1468',
87 verbose headers   'accept-ranges': 'bytes',
87 verbose headers   date: 'Fri, 11 Aug 2017 07:33:57 GMT',
87 verbose headers   via: '1.1 varnish',
87 verbose headers   age: '0',
87 verbose headers   connection: 'keep-alive',
87 verbose headers   'x-served-by': 'cache-nrt6121-NRT',
87 verbose headers   'x-cache': 'HIT',
87 verbose headers   'x-cache-hits': '1',
87 verbose headers   'x-timer': 'S1502436838.528081,VS0,VE1',
87 verbose headers   vary: 'Accept-Encoding, Accept' }
88 silly get cb [ 200,
88 silly get   { server: 'nginx/1.10.1',
88 silly get     'content-type': 'application/json',
88 silly get     'last-modified': 'Fri, 14 Jul 2017 06:49:38 GMT',
88 silly get     etag: 'W/"59686982-e89"',
88 silly get     'content-encoding': 'gzip',
88 silly get     'cache-control': 'max-age=300',
88 silly get     'content-length': '1468',
88 silly get     'accept-ranges': 'bytes',
88 silly get     date: 'Fri, 11 Aug 2017 07:33:57 GMT',
88 silly get     via: '1.1 varnish',
88 silly get     age: '0',
88 silly get     connection: 'keep-alive',
88 silly get     'x-served-by': 'cache-nrt6121-NRT',
88 silly get     'x-cache': 'HIT',
88 silly get     'x-cache-hits': '1',
88 silly get     'x-timer': 'S1502436838.528081,VS0,VE1',
88 silly get     vary: 'Accept-Encoding, Accept' } ]
89 verbose get saving uglifyjs to /Users/maying/.npm/registry.npmjs.org/uglifyjs/.cache.json
90 verbose correctMkdir /Users/maying/.npm correctMkdir not in flight; initializing
91 silly pickManifestFromRegistryMetadata spec >=2.3.6 <2.4.0 tag latest versions [ '2.4.10', '2.4.11', '2.4.11-node8' ]
92 silly fetchPackageMetaData Error: No compatible version found: uglifyjs@~2.3.6
92 silly fetchPackageMetaData Valid install targets:
92 silly fetchPackageMetaData 2.4.10, 2.4.11, 2.4.11-node8
92 silly fetchPackageMetaData
92 silly fetchPackageMetaData     at pickVersionFromRegistryDocument (/Users/maying/.nvm/versions/node/v7.7.4/lib/node_modules/npm/lib/fetch-package-metadata.js:158:16)
92 silly fetchPackageMetaData     at /Users/maying/.nvm/versions/node/v7.7.4/lib/node_modules/npm/node_modules/iferr/index.js:13:50
92 silly fetchPackageMetaData     at /Users/maying/.nvm/versions/node/v7.7.4/lib/node_modules/npm/lib/utils/pulse-till-done.js:20:8
92 silly fetchPackageMetaData     at saved (/Users/maying/.nvm/versions/node/v7.7.4/lib/node_modules/npm/lib/cache/caching-client.js:174:7)
92 silly fetchPackageMetaData     at /Users/maying/.nvm/versions/node/v7.7.4/lib/node_modules/npm/node_modules/graceful-fs/polyfills.js:261:18
92 silly fetchPackageMetaData     at FSReqWrap.oncomplete (fs.js:114:15)
92 silly fetchPackageMetaData  error for uglifyjs@~2.3.6 { Error: No compatible version found: uglifyjs@~2.3.6
92 silly fetchPackageMetaData Valid install targets:
92 silly fetchPackageMetaData 2.4.10, 2.4.11, 2.4.11-node8
92 silly fetchPackageMetaData
92 silly fetchPackageMetaData     at pickVersionFromRegistryDocument (/Users/maying/.nvm/versions/node/v7.7.4/lib/node_modules/npm/lib/fetch-package-metadata.js:158:16)
92 silly fetchPackageMetaData     at /Users/maying/.nvm/versions/node/v7.7.4/lib/node_modules/npm/node_modules/iferr/index.js:13:50
92 silly fetchPackageMetaData     at /Users/maying/.nvm/versions/node/v7.7.4/lib/node_modules/npm/lib/utils/pulse-till-done.js:20:8
92 silly fetchPackageMetaData     at saved (/Users/maying/.nvm/versions/node/v7.7.4/lib/node_modules/npm/lib/cache/caching-client.js:174:7)
92 silly fetchPackageMetaData     at /Users/maying/.nvm/versions/node/v7.7.4/lib/node_modules/npm/node_modules/graceful-fs/polyfills.js:261:18
92 silly fetchPackageMetaData     at FSReqWrap.oncomplete (fs.js:114:15) code: 'ETARGET' }
93 silly rollbackFailedOptional Starting
94 silly rollbackFailedOptional Finishing
95 silly runTopLevelLifecycles Finishing
96 silly install printInstalled
97 verbose stack Error: No compatible version found: uglifyjs@~2.3.6
97 verbose stack Valid install targets:
97 verbose stack 2.4.10, 2.4.11, 2.4.11-node8
97 verbose stack
97 verbose stack     at pickVersionFromRegistryDocument (/Users/maying/.nvm/versions/node/v7.7.4/lib/node_modules/npm/lib/fetch-package-metadata.js:158:16)
97 verbose stack     at /Users/maying/.nvm/versions/node/v7.7.4/lib/node_modules/npm/node_modules/iferr/index.js:13:50
97 verbose stack     at /Users/maying/.nvm/versions/node/v7.7.4/lib/node_modules/npm/lib/utils/pulse-till-done.js:20:8
97 verbose stack     at saved (/Users/maying/.nvm/versions/node/v7.7.4/lib/node_modules/npm/lib/cache/caching-client.js:174:7)
97 verbose stack     at /Users/maying/.nvm/versions/node/v7.7.4/lib/node_modules/npm/node_modules/graceful-fs/polyfills.js:261:18
97 verbose stack     at FSReqWrap.oncomplete (fs.js:114:15)
98 verbose cwd /Users/maying/www/workspace/learn/flexible-practice
99 error Darwin 16.7.0
100 error argv "/Users/maying/.nvm/versions/node/v7.7.4/bin/node" "/Users/maying/.nvm/versions/node/v7.7.4/bin/npm" "install" "-d"
101 error node v7.7.4
102 error npm  v4.1.2
103 error code ETARGET
104 error notarget No compatible version found: uglifyjs@~2.3.6
104 error notarget Valid install targets:
104 error notarget 2.4.10, 2.4.11, 2.4.11-node8
105 error notarget This is most likely not a problem with npm itself.
105 error notarget In most cases you or one of your dependencies are requesting
105 error notarget a package version that doesn't exist.
105 error notarget
105 error notarget It was specified as a dependency of 'flexible-practice'
106 verbose exit [ 1, true ]
